{
  "RSpec": {
    "coverage": {
      "/home/gabriel/Fluiu/fluiu_rails/app/controllers/documents_controller.rb": [
        1,
        null,
        1,
        0,
        0,
        null,
        null,
        1,
        0,
        0,
        0,
        null,
        null,
        null,
        1,
        1,
        0,
        null,
        null,
        null
      ],
      "/home/gabriel/Fluiu/fluiu_rails/app/controllers/application_controller.rb": [
        1,
        1,
        1,
        null,
        null
      ],
      "/home/gabriel/Fluiu/fluiu_rails/lib/tasks/scheduler.rake": [
        1,
        1,
        1,
        1,
        1,
        1,
        1,
        3,
        null,
        null,
        null,
        null,
        null
      ],
      "/home/gabriel/Fluiu/fluiu_rails/app/models/document.rb": [
        1,
        1,
        1,
        null
      ],
      "/home/gabriel/Fluiu/fluiu_rails/app/models/invoice.rb": [
        1,
        1,
        1,
        1,
        null,
        1,
        51,
        51,
        null,
        0,
        null,
        51,
        null,
        null,
        1,
        4,
        null,
        3,
        3,
        34,
        34,
        null,
        null,
        3,
        null,
        3,
        3,
        2,
        null,
        2,
        2,
        27,
        null,
        null,
        2,
        null,
        null,
        1,
        0,
        0,
        null,
        null,
        null,
        null,
        null,
        null,
        1,
        null,
        null,
        1,
        5,
        5,
        11,
        11,
        null,
        null,
        5,
        null,
        null,
        1,
        3,
        2,
        null,
        null,
        1,
        1,
        1,
        1,
        null,
        1,
        null,
        null,
        1,
        0,
        0,
        0,
        null,
        null,
        null
      ],
      "/home/gabriel/Fluiu/fluiu_rails/app/uploaders/invoice_file_uploader.rb": [
        1,
        null,
        null,
        null,
        null,
        null,
        1,
        0,
        null,
        1,
        null,
        null,
        null,
        null,
        1,
        0,
        null,
        null,
        null,
        null,
        null,
        null,
        null,
        null,
        null,
        null,
        null,
        null,
        null,
        null,
        null,
        null,
        null,
        null,
        null,
        null,
        null,
        null,
        null,
        null,
        1,
        0,
        null,
        null,
        null,
        null,
        null,
        null,
        null,
        null
      ],
      "/home/gabriel/Fluiu/fluiu_rails/app/controllers/pages_controller.rb": [
        1,
        null,
        1,
        null,
        null,
        1,
        2,
        2,
        2,
        2,
        2,
        null,
        null,
        1,
        1,
        1,
        null,
        null,
        1,
        0,
        0,
        null,
        null,
        1,
        0,
        0,
        0,
        0,
        null,
        0,
        0,
        null,
        null,
        0,
        null,
        null,
        null,
        null,
        null,
        null,
        1,
        1,
        1,
        null,
        1,
        1,
        null,
        null,
        0,
        0,
        null,
        null,
        1,
        null,
        null,
        null,
        null,
        null,
        null,
        null,
        null,
        null,
        null,
        null,
        null,
        null,
        null,
        null,
        null,
        null,
        null,
        null,
        null,
        null
      ],
      "/home/gabriel/Fluiu/fluiu_rails/app/models/appointment.rb": [
        1,
        null,
        1,
        null,
        null
      ],
      "/home/gabriel/Fluiu/fluiu_rails/app/mailers/application_mailer.rb": [
        1,
        1,
        1,
        null,
        1,
        3,
        3,
        3,
        null,
        null,
        1,
        2,
        2,
        2,
        null,
        null,
        1,
        1,
        1,
        1,
        null,
        null,
        null
      ],
      "/home/gabriel/Fluiu/fluiu_rails/app/models/ability.rb": [
        1,
        1,
        null,
        1,
        null,
        12,
        10,
        10,
        null,
        null,
        12,
        0,
        0,
        null,
        null,
        12,
        2,
        null,
        null,
        null,
        null,
        null,
        null,
        null,
        null,
        null,
        null,
        null,
        null,
        null,
        null,
        null,
        null,
        null,
        null,
        null,
        null,
        null,
        null,
        null,
        null,
        null,
        null,
        null,
        null,
        null,
        null,
        null,
        null,
        null,
        null,
        null
      ],
      "/home/gabriel/Fluiu/fluiu_rails/app/jobs/application_job.rb": [
        0,
        0
      ],
      "/home/gabriel/Fluiu/fluiu_rails/app/models/application_record.rb": [
        0,
        0,
        0
      ],
      "/home/gabriel/Fluiu/fluiu_rails/app/models/accounting_info.rb": [
        0,
        0,
        0,
        0,
        0
      ],
      "/home/gabriel/Fluiu/fluiu_rails/app/models/user.rb": [
        0,
        null,
        null,
        0,
        0,
        0,
        null,
        0,
        0,
        null,
        0,
        0,
        0,
        null,
        0,
        0,
        0,
        0,
        0,
        0,
        0,
        0,
        0,
        0,
        0,
        0,
        null,
        0,
        0,
        0,
        0,
        0,
        0,
        0,
        null,
        null,
        0,
        0,
        0,
        0,
        0,
        0,
        0,
        null,
        null,
        0,
        0,
        0,
        0,
        0,
        0,
        0,
        null,
        0,
        0,
        0,
        0,
        0,
        0,
        0,
        null,
        0,
        0,
        0,
        null,
        0,
        0,
        0,
        0,
        0,
        0,
        0,
        null,
        0,
        0,
        null,
        0,
        0,
        0,
        null,
        0,
        0,
        0,
        0,
        null,
        0,
        0,
        0,
        0,
        0,
        0,
        0,
        0,
        0,
        0,
        0,
        0,
        0,
        0,
        0,
        0,
        0,
        0,
        0,
        0,
        0,
        0,
        0,
        0,
        0,
        0,
        0,
        0,
        0,
        0,
        0,
        0,
        0,
        0,
        0,
        0,
        0,
        0,
        0,
        0,
        0,
        0,
        0,
        0,
        0,
        0,
        0,
        0,
        0,
        0,
        0,
        0,
        0,
        0,
        0,
        0,
        0,
        0,
        0,
        0,
        0,
        0,
        0,
        0,
        0,
        0,
        0,
        0,
        0,
        0,
        0,
        0,
        0,
        0,
        0,
        0,
        0,
        0,
        0,
        null,
        0
      ],
      "/home/gabriel/Fluiu/fluiu_rails/app/controllers/invoices_controller.rb": [
        0,
        0,
        0,
        null,
        0,
        0,
        0,
        0,
        null,
        0,
        0,
        0,
        0,
        0,
        0,
        null,
        0,
        0,
        0,
        0,
        0,
        null,
        0,
        0,
        null,
        0,
        null,
        null,
        null,
        0,
        0,
        null,
        0,
        0,
        0,
        0,
        0,
        0,
        0,
        0,
        0,
        null,
        0,
        null,
        0,
        0,
        0,
        null,
        0,
        0,
        0,
        0,
        null,
        0,
        0,
        0,
        null,
        0,
        0,
        0,
        null,
        0,
        0,
        0,
        0,
        0,
        0,
        null,
        null,
        null,
        0,
        0,
        null,
        0,
        0,
        0,
        0,
        0,
        0,
        0,
        0,
        0,
        0,
        null,
        0,
        null,
        0
      ],
      "/home/gabriel/Fluiu/fluiu_rails/app/controllers/appointments_controller.rb": [
        0,
        0,
        0,
        0,
        null,
        0,
        0,
        0,
        null,
        0,
        0,
        0,
        null,
        0,
        0,
        0,
        0,
        0,
        0,
        0,
        0,
        0,
        null,
        0,
        0,
        0,
        0,
        0,
        null,
        0,
        0,
        0,
        0,
        0,
        null,
        0,
        0,
        null,
        0,
        0,
        0,
        null,
        0,
        0,
        0,
        0,
        null,
        0
      ],
      "/home/gabriel/Fluiu/fluiu_rails/app/controllers/accounting_infos_controller.rb": [
        0,
        null,
        0,
        0,
        0,
        0,
        null,
        0
      ],
      "/home/gabriel/Fluiu/fluiu_rails/app/services/invoices_service.rb": [
        0,
        null,
        0,
        0,
        0,
        null,
        0,
        0,
        null,
        0,
        null,
        null,
        0,
        0,
        0,
        0,
        0,
        null,
        0,
        0,
        null,
        0,
        0,
        0,
        null,
        0,
        null,
        0,
        0,
        0,
        0,
        0,
        0,
        0,
        null,
        0,
        0,
        0,
        0,
        0,
        0,
        0,
        0,
        0,
        0,
        0,
        null,
        0
      ],
      "/home/gabriel/Fluiu/fluiu_rails/app/services/automatization_service.rb": [
        0,
        0,
        null,
        null,
        null,
        null,
        0,
        0,
        null,
        0,
        0,
        0,
        0,
        0,
        0,
        0,
        0,
        0,
        null,
        0,
        0,
        0,
        0,
        0,
        0,
        0,
        null,
        0,
        0,
        null,
        null,
        0,
        0,
        0,
        0,
        null,
        null,
        0,
        0,
        0,
        0,
        0,
        0,
        0,
        0,
        0,
        0,
        0,
        0,
        0,
        0,
        0,
        0,
        0,
        0,
        null,
        0,
        0,
        0,
        0,
        null,
        0,
        null,
        0,
        null,
        null,
        null,
        null,
        null,
        null,
        0
      ],
      "/home/gabriel/Fluiu/fluiu_rails/app/uploaders/user_file_uploader.rb": [
        0,
        null,
        null,
        null,
        null,
        null,
        null,
        null,
        0,
        0,
        0,
        0,
        0,
        null,
        null,
        null,
        0,
        0,
        0,
        null,
        null,
        null,
        null,
        null,
        null,
        null,
        null,
        null,
        null,
        null,
        null,
        null,
        null,
        null,
        null,
        null,
        null,
        null,
        null,
        null,
        null,
        null,
        null,
        null,
        null,
        null,
        null,
        null,
        null,
        null,
        null,
        0
      ],
      "/home/gabriel/Fluiu/fluiu_rails/app/helpers/invoices_helper.rb": [
        0,
        null,
        0,
        0,
        null,
        0,
        null,
        0,
        0,
        0,
        0,
        0,
        0,
        0,
        0,
        0,
        null,
        null,
        null,
        null,
        0
      ],
      "/home/gabriel/Fluiu/fluiu_rails/app/helpers/users_helper.rb": [
        0,
        0
      ],
      "/home/gabriel/Fluiu/fluiu_rails/app/helpers/pages_helper.rb": [
        0,
        null,
        0,
        0,
        0,
        0,
        0,
        0,
        0,
        null,
        0
      ],
      "/home/gabriel/Fluiu/fluiu_rails/app/helpers/documents_helper.rb": [
        0,
        0
      ],
      "/home/gabriel/Fluiu/fluiu_rails/app/helpers/registrations_helper.rb": [
        0,
        null,
        0,
        null,
        0,
        0,
        0,
        null,
        0,
        0,
        null,
        0
      ],
      "/home/gabriel/Fluiu/fluiu_rails/app/helpers/accounting_info_helper.rb": [
        0,
        0
      ],
      "/home/gabriel/Fluiu/fluiu_rails/app/helpers/application_helper.rb": [
        0,
        null,
        0,
        0,
        0,
        0,
        0,
        null,
        0,
        0,
        0,
        0,
        0
      ],
      "/home/gabriel/Fluiu/fluiu_rails/app/helpers/appointments_helper.rb": [
        0,
        0
      ]
    },
    "timestamp": 1528833676
  }
}
